# JRE version: Java(TM) SE Runtime Environment (8.0_112-b15) (build 1.8.0_112-b15)
# Java VM: Java HotSpot(TM) 64-Bit Server VM (25.112-b15 mixed mode windows-amd64 compressed oops)
Heap:
 PSYoungGen      total 160256K, used 10234K [0x00000000d6b00000, 0x00000000e4180000, 0x0000000100000000)
  eden space 150016K, 0% used [0x00000000d6b00000,0x00000000d6b00000,0x00000000dfd80000)
  from space 10240K, 99% used [0x00000000e0b80000,0x00000000e157ead8,0x00000000e1580000)
  to   space 14336K, 0% used [0x00000000dfd80000,0x00000000dfd80000,0x00000000e0b80000)
 ParOldGen       total 52224K, used 13947K [0x0000000084000000, 0x0000000087300000, 0x00000000d6b00000)
  object space 52224K, 26% used [0x0000000084000000,0x0000000084d9ee48,0x0000000087300000)
 Metaspace       used 33888K, capacity 35346K, committed 35416K, reserved 1079296K
  class space    used 4372K, capacity 4670K, committed 4736K, reserved 1048576K
GC Heap History (10 events):
Event: 3.701 GC heap after
Heap after GC invocations=5 (full 0):
 PSYoungGen      total 68608K, used 5104K [0x00000000d6b00000, 0x00000000df700000, 0x0000000100000000)
  eden space 63488K, 0% used [0x00000000d6b00000,0x00000000d6b00000,0x00000000da900000)
  from space 5120K, 99% used [0x00000000da900000,0x00000000dadfc010,0x00000000dae00000)
  to   space 8192K, 0% used [0x00000000def00000,0x00000000def00000,0x00000000df700000)
 ParOldGen       total 84992K, used 4828K [0x0000000084000000, 0x0000000089300000, 0x00000000d6b00000)
  object space 84992K, 5% used [0x0000000084000000,0x00000000844b7328,0x0000000089300000)
 Metaspace       used 20615K, capacity 21188K, committed 21248K, reserved 1067008K
  class space    used 2634K, capacity 2791K, committed 2816K, reserved 1048576K
}
Event: 3.701 GC heap before
{Heap before GC invocations=6 (full 1):
 PSYoungGen      total 68608K, used 5104K [0x00000000d6b00000, 0x00000000df700000, 0x0000000100000000)
  eden space 63488K, 0% used [0x00000000d6b00000,0x00000000d6b00000,0x00000000da900000)
  from space 5120K, 99% used [0x00000000da900000,0x00000000dadfc010,0x00000000dae00000)
  to   space 8192K, 0% used [0x00000000def00000,0x00000000def00000,0x00000000df700000)
 ParOldGen       total 84992K, used 4828K [0x0000000084000000, 0x0000000089300000, 0x00000000d6b00000)
  object space 84992K, 5% used [0x0000000084000000,0x00000000844b7328,0x0000000089300000)
 Metaspace       used 20615K, capacity 21188K, committed 21248K, reserved 1067008K
  class space    used 2634K, capacity 2791K, committed 2816K, reserved 1048576K
Event: 3.811 GC heap after
Heap after GC invocations=6 (full 1):
 PSYoungGen      total 68608K, used 0K [0x00000000d6b00000, 0x00000000df700000, 0x0000000100000000)
  eden space 63488K, 0% used [0x00000000d6b00000,0x00000000d6b00000,0x00000000da900000)
  from space 5120K, 0% used [0x00000000da900000,0x00000000da900000,0x00000000dae00000)
  to   space 8192K, 0% used [0x00000000def00000,0x00000000def00000,0x00000000df700000)
 ParOldGen       total 52224K, used 6104K [0x0000000084000000, 0x0000000087300000, 0x00000000d6b00000)
  object space 52224K, 11% used [0x0000000084000000,0x00000000845f6110,0x0000000087300000)
 Metaspace       used 20613K, capacity 21182K, committed 21248K, reserved 1067008K
  class space    used 2633K, capacity 2790K, committed 2816K, reserved 1048576K
}
Event: 5.094 GC heap before
{Heap before GC invocations=7 (full 1):
 PSYoungGen      total 68608K, used 63436K [0x00000000d6b00000, 0x00000000df700000, 0x0000000100000000)
  eden space 63488K, 99% used [0x00000000d6b00000,0x00000000da8f30b0,0x00000000da900000)
  from space 5120K, 0% used [0x00000000da900000,0x00000000da900000,0x00000000dae00000)
  to   space 8192K, 0% used [0x00000000def00000,0x00000000def00000,0x00000000df700000)
 ParOldGen       total 52224K, used 6104K [0x0000000084000000, 0x0000000087300000, 0x00000000d6b00000)
  object space 52224K, 11% used [0x0000000084000000,0x00000000845f6110,0x0000000087300000)
 Metaspace       used 23741K, capacity 24492K, committed 24832K, reserved 1071104K
  class space    used 3030K, capacity 3215K, committed 3328K, reserved 1048576K
Event: 5.101 GC heap after
Heap after GC invocations=7 (full 1):
 PSYoungGen      total 104448K, used 3721K [0x00000000d6b00000, 0x00000000df300000, 0x0000000100000000)
  eden space 100352K, 0% used [0x00000000d6b00000,0x00000000d6b00000,0x00000000dcd00000)
  from space 4096K, 90% used [0x00000000def00000,0x00000000df2a26b8,0x00000000df300000)
  to   space 8192K, 0% used [0x00000000de300000,0x00000000de300000,0x00000000deb00000)
 ParOldGen       total 52224K, used 6176K [0x0000000084000000, 0x0000000087300000, 0x00000000d6b00000)
  object space 52224K, 11% used [0x0000000084000000,0x0000000084608120,0x0000000087300000)
 Metaspace       used 23741K, capacity 24492K, committed 24832K, reserved 1071104K
  class space    used 3030K, capacity 3215K, committed 3328K, reserved 1048576K
}
Event: 7.306 GC heap before
{Heap before GC invocations=8 (full 1):
 PSYoungGen      total 104448K, used 104073K [0x00000000d6b00000, 0x00000000df300000, 0x0000000100000000)
  eden space 100352K, 100% used [0x00000000d6b00000,0x00000000dcd00000,0x00000000dcd00000)
  from space 4096K, 90% used [0x00000000def00000,0x00000000df2a26b8,0x00000000df300000)
  to   space 8192K, 0% used [0x00000000de300000,0x00000000de300000,0x00000000deb00000)
 ParOldGen       total 52224K, used 6176K [0x0000000084000000, 0x0000000087300000, 0x00000000d6b00000)
  object space 52224K, 11% used [0x0000000084000000,0x0000000084608120,0x0000000087300000)
 Metaspace       used 29051K, capacity 30180K, committed 30464K, reserved 1075200K
  class space    used 3734K, capacity 3973K, committed 4096K, reserved 1048576K
Event: 7.337 GC heap after
Heap after GC invocations=8 (full 1):
 PSYoungGen      total 131072K, used 8161K [0x00000000d6b00000, 0x00000000e1580000, 0x0000000100000000)
  eden space 122880K, 0% used [0x00000000d6b00000,0x00000000d6b00000,0x00000000de300000)
  from space 8192K, 99% used [0x00000000de300000,0x00000000deaf8518,0x00000000deb00000)
  to   space 10240K, 0% used [0x00000000e0b80000,0x00000000e0b80000,0x00000000e1580000)
 ParOldGen       total 52224K, used 8264K [0x0000000084000000, 0x0000000087300000, 0x00000000d6b00000)
  object space 52224K, 15% used [0x0000000084000000,0x0000000084812068,0x0000000087300000)
 Metaspace       used 29051K, capacity 30180K, committed 30464K, reserved 1075200K
  class space    used 3734K, capacity 3973K, committed 4096K, reserved 1048576K
}
Event: 9.048 GC heap before
{Heap before GC invocations=9 (full 1):
 PSYoungGen      total 131072K, used 128651K [0x00000000d6b00000, 0x00000000e1580000, 0x0000000100000000)
  eden space 122880K, 98% used [0x00000000d6b00000,0x00000000de0aaa90,0x00000000de300000)
  from space 8192K, 99% used [0x00000000de300000,0x00000000deaf8518,0x00000000deb00000)
  to   space 10240K, 0% used [0x00000000e0b80000,0x00000000e0b80000,0x00000000e1580000)
 ParOldGen       total 52224K, used 8264K [0x0000000084000000, 0x0000000087300000, 0x00000000d6b00000)
  object space 52224K, 15% used [0x0000000084000000,0x0000000084812068,0x0000000087300000)
 Metaspace       used 33888K, capacity 35346K, committed 35416K, reserved 1079296K
  class space    used 4372K, capacity 4670K, committed 4736K, reserved 1048576K
Event: 9.129 GC heap after
Heap after GC invocations=9 (full 1):
 PSYoungGen      total 160256K, used 10234K [0x00000000d6b00000, 0x00000000e4180000, 0x0000000100000000)
  eden space 150016K, 0% used [0x00000000d6b00000,0x00000000d6b00000,0x00000000dfd80000)
  from space 10240K, 99% used [0x00000000e0b80000,0x00000000e157ead8,0x00000000e1580000)
  to   space 14336K, 0% used [0x00000000dfd80000,0x00000000dfd80000,0x00000000e0b80000)
 ParOldGen       total 52224K, used 13947K [0x0000000084000000, 0x0000000087300000, 0x00000000d6b00000)
  object space 52224K, 26% used [0x0000000084000000,0x0000000084d9ee48,0x0000000087300000)
 Metaspace       used 33888K, capacity 35346K, committed 35416K, reserved 1079296K
  class space    used 4372K, capacity 4670K, committed 4736K, reserved 1048576K
}
Event: 9.129 GC heap before
{Heap before GC invocations=10 (full 2):
 PSYoungGen      total 160256K, used 10234K [0x00000000d6b00000, 0x00000000e4180000, 0x0000000100000000)
  eden space 150016K, 0% used [0x00000000d6b00000,0x00000000d6b00000,0x00000000dfd80000)
  from space 10240K, 99% used [0x00000000e0b80000,0x00000000e157ead8,0x00000000e1580000)
  to   space 14336K, 0% used [0x00000000dfd80000,0x00000000dfd80000,0x00000000e0b80000)
 ParOldGen       total 52224K, used 13947K [0x0000000084000000, 0x0000000087300000, 0x00000000d6b00000)
  object space 52224K, 26% used [0x0000000084000000,0x0000000084d9ee48,0x0000000087300000)
 Metaspace       used 33888K, capacity 35346K, committed 35416K, reserved 1079296K
  class space    used 4372K, capacity 4670K, committed 4736K, reserved 1048576K

